2024-06-01 15:58:28,245 INFO supervisord started with pid 45485
2024-06-01 15:58:29,247 INFO spawned: 'queue-highprio-worker_00' with pid 45488
2024-06-01 15:58:29,248 INFO spawned: 'queue-highprio-worker_01' with pid 45489
2024-06-01 15:58:29,249 INFO spawned: 'queue-highprio-worker_02' with pid 45490
2024-06-01 15:58:29,250 INFO spawned: 'queue-highprio-worker_03' with pid 45491
2024-06-01 15:58:29,251 INFO spawned: 'queue-highprio-worker_04' with pid 45492
2024-06-01 15:58:29,252 INFO spawned: 'queue-worker_00' with pid 45493
2024-06-01 15:58:29,253 INFO spawned: 'queue-worker_01' with pid 45494
2024-06-01 15:58:29,254 INFO spawned: 'queue-worker_02' with pid 45495
2024-06-01 15:58:29,255 INFO spawned: 'queue-worker_03' with pid 45496
2024-06-01 15:58:29,264 INFO spawned: 'queue-worker_04' with pid 45497
2024-06-01 15:58:29,266 INFO spawned: 'reverb-worker_00' with pid 45498
2024-06-01 15:58:29,268 INFO spawned: 'serve_00' with pid 45499
2024-06-01 15:58:30,947 INFO success: queue-highprio-worker_00 entered RUNNING state, process has stayed up for > than 1 seconds (startsecs)
2024-06-01 15:58:30,947 INFO success: queue-highprio-worker_01 entered RUNNING state, process has stayed up for > than 1 seconds (startsecs)
2024-06-01 15:58:30,947 INFO success: queue-highprio-worker_02 entered RUNNING state, process has stayed up for > than 1 seconds (startsecs)
2024-06-01 15:58:30,947 INFO success: queue-highprio-worker_03 entered RUNNING state, process has stayed up for > than 1 seconds (startsecs)
2024-06-01 15:58:30,947 INFO success: queue-highprio-worker_04 entered RUNNING state, process has stayed up for > than 1 seconds (startsecs)
2024-06-01 15:58:30,947 INFO success: queue-worker_00 entered RUNNING state, process has stayed up for > than 1 seconds (startsecs)
2024-06-01 15:58:30,947 INFO success: queue-worker_01 entered RUNNING state, process has stayed up for > than 1 seconds (startsecs)
2024-06-01 15:58:30,947 INFO success: queue-worker_02 entered RUNNING state, process has stayed up for > than 1 seconds (startsecs)
2024-06-01 15:58:30,947 INFO success: queue-worker_03 entered RUNNING state, process has stayed up for > than 1 seconds (startsecs)
2024-06-01 15:58:30,947 INFO success: queue-worker_04 entered RUNNING state, process has stayed up for > than 1 seconds (startsecs)
2024-06-01 15:58:30,947 INFO success: reverb-worker_00 entered RUNNING state, process has stayed up for > than 1 seconds (startsecs)
2024-06-01 15:58:30,947 INFO success: serve_00 entered RUNNING state, process has stayed up for > than 1 seconds (startsecs)
2024-06-01 16:27:28,754 WARN received SIGINT indicating exit request
2024-06-01 16:27:28,755 INFO waiting for queue-highprio-worker_00, queue-highprio-worker_01, queue-highprio-worker_02, queue-highprio-worker_03, queue-highprio-worker_04, queue-worker_00, queue-worker_01, queue-worker_02, queue-worker_03, queue-worker_04, reverb-worker_00, serve_00 to die
2024-06-01 16:27:28,761 INFO stopped: serve_00 (exit status 0)
2024-06-01 16:27:28,766 INFO stopped: reverb-worker_00 (exit status 0)
2024-06-01 16:27:28,876 INFO stopped: queue-worker_03 (exit status 0)
2024-06-01 16:27:28,880 INFO stopped: queue-worker_02 (exit status 0)
2024-06-01 16:27:28,883 INFO stopped: queue-worker_04 (exit status 0)
2024-06-01 16:27:28,883 INFO stopped: queue-worker_01 (exit status 0)
2024-06-01 16:27:28,891 INFO stopped: queue-worker_00 (exit status 0)
2024-06-01 16:27:28,897 INFO stopped: queue-highprio-worker_02 (exit status 0)
2024-06-01 16:27:28,897 INFO stopped: queue-highprio-worker_01 (exit status 0)
2024-06-01 16:27:28,897 INFO stopped: queue-highprio-worker_04 (exit status 0)
2024-06-01 16:27:28,897 INFO stopped: queue-highprio-worker_03 (exit status 0)
2024-06-01 16:27:28,897 INFO stopped: queue-highprio-worker_00 (exit status 0)
2024-06-01 16:27:30,223 INFO supervisord started with pid 46717
2024-06-01 16:27:31,225 INFO spawned: 'queue-highprio-worker_00' with pid 46727
2024-06-01 16:27:31,226 INFO spawned: 'queue-highprio-worker_01' with pid 46728
2024-06-01 16:27:31,227 INFO spawned: 'queue-highprio-worker_02' with pid 46729
2024-06-01 16:27:31,228 INFO spawned: 'queue-highprio-worker_03' with pid 46730
2024-06-01 16:27:31,229 INFO spawned: 'queue-highprio-worker_04' with pid 46731
2024-06-01 16:27:31,230 INFO spawned: 'queue-worker_00' with pid 46732
2024-06-01 16:27:31,231 INFO spawned: 'queue-worker_01' with pid 46733
2024-06-01 16:27:31,232 INFO spawned: 'queue-worker_02' with pid 46734
2024-06-01 16:27:31,233 INFO spawned: 'queue-worker_03' with pid 46735
2024-06-01 16:27:31,234 INFO spawned: 'queue-worker_04' with pid 46736
2024-06-01 16:27:31,235 INFO spawned: 'reverb-worker_00' with pid 46737
2024-06-01 16:27:31,236 INFO spawned: 'serve_00' with pid 46738
2024-06-01 16:27:32,997 INFO success: queue-highprio-worker_00 entered RUNNING state, process has stayed up for > than 1 seconds (startsecs)
2024-06-01 16:27:32,997 INFO success: queue-highprio-worker_01 entered RUNNING state, process has stayed up for > than 1 seconds (startsecs)
2024-06-01 16:27:32,997 INFO success: queue-highprio-worker_02 entered RUNNING state, process has stayed up for > than 1 seconds (startsecs)
2024-06-01 16:27:32,997 INFO success: queue-highprio-worker_03 entered RUNNING state, process has stayed up for > than 1 seconds (startsecs)
2024-06-01 16:27:32,997 INFO success: queue-highprio-worker_04 entered RUNNING state, process has stayed up for > than 1 seconds (startsecs)
2024-06-01 16:27:32,997 INFO success: queue-worker_00 entered RUNNING state, process has stayed up for > than 1 seconds (startsecs)
2024-06-01 16:27:32,997 INFO success: queue-worker_01 entered RUNNING state, process has stayed up for > than 1 seconds (startsecs)
2024-06-01 16:27:32,997 INFO success: queue-worker_02 entered RUNNING state, process has stayed up for > than 1 seconds (startsecs)
2024-06-01 16:27:32,997 INFO success: queue-worker_03 entered RUNNING state, process has stayed up for > than 1 seconds (startsecs)
2024-06-01 16:27:32,997 INFO success: queue-worker_04 entered RUNNING state, process has stayed up for > than 1 seconds (startsecs)
2024-06-01 16:27:32,997 INFO success: reverb-worker_00 entered RUNNING state, process has stayed up for > than 1 seconds (startsecs)
2024-06-01 16:27:32,997 INFO success: serve_00 entered RUNNING state, process has stayed up for > than 1 seconds (startsecs)
2024-06-01 16:30:53,538 WARN received SIGINT indicating exit request
2024-06-01 16:30:53,538 INFO waiting for queue-highprio-worker_00, queue-highprio-worker_01, queue-highprio-worker_02, queue-highprio-worker_03, queue-highprio-worker_04, queue-worker_00, queue-worker_01, queue-worker_02, queue-worker_03, queue-worker_04, reverb-worker_00, serve_00 to die
2024-06-01 16:30:53,544 INFO stopped: serve_00 (exit status 0)
2024-06-01 16:30:53,548 INFO stopped: reverb-worker_00 (exit status 0)
2024-06-01 16:30:53,553 INFO stopped: queue-worker_01 (exit status 0)
2024-06-01 16:30:53,554 INFO stopped: queue-worker_03 (exit status 0)
2024-06-01 16:30:53,554 INFO stopped: queue-worker_02 (exit status 0)
2024-06-01 16:30:53,554 INFO stopped: queue-worker_00 (exit status 0)
2024-06-01 16:30:53,555 INFO stopped: queue-worker_04 (exit status 0)
2024-06-01 16:30:53,560 INFO stopped: queue-highprio-worker_04 (exit status 0)
2024-06-01 16:30:53,561 INFO stopped: queue-highprio-worker_02 (exit status 0)
2024-06-01 16:30:53,561 INFO stopped: queue-highprio-worker_01 (exit status 0)
2024-06-01 16:30:53,561 INFO stopped: queue-highprio-worker_03 (exit status 0)
2024-06-01 16:30:53,561 INFO stopped: queue-highprio-worker_00 (exit status 0)
2024-06-01 16:31:00,142 INFO supervisord started with pid 47162
2024-06-01 16:31:01,144 INFO spawned: 'queue-highprio-worker_00' with pid 47165
2024-06-01 16:31:01,145 INFO spawned: 'queue-highprio-worker_01' with pid 47166
2024-06-01 16:31:01,146 INFO spawned: 'queue-highprio-worker_02' with pid 47167
2024-06-01 16:31:01,147 INFO spawned: 'queue-highprio-worker_03' with pid 47168
2024-06-01 16:31:01,149 INFO spawned: 'queue-highprio-worker_04' with pid 47169
2024-06-01 16:31:01,150 INFO spawned: 'queue-worker_00' with pid 47170
2024-06-01 16:31:01,151 INFO spawned: 'queue-worker_01' with pid 47171
2024-06-01 16:31:01,152 INFO spawned: 'queue-worker_02' with pid 47172
2024-06-01 16:31:01,154 INFO spawned: 'queue-worker_03' with pid 47173
2024-06-01 16:31:01,155 INFO spawned: 'queue-worker_04' with pid 47174
2024-06-01 16:31:01,158 INFO spawned: 'reverb-worker_00' with pid 47175
2024-06-01 16:31:01,160 INFO spawned: 'serve_00' with pid 47176
2024-06-01 16:31:02,832 INFO success: queue-highprio-worker_00 entered RUNNING state, process has stayed up for > than 1 seconds (startsecs)
2024-06-01 16:31:02,832 INFO success: queue-highprio-worker_01 entered RUNNING state, process has stayed up for > than 1 seconds (startsecs)
2024-06-01 16:31:02,832 INFO success: queue-highprio-worker_02 entered RUNNING state, process has stayed up for > than 1 seconds (startsecs)
2024-06-01 16:31:02,832 INFO success: queue-highprio-worker_03 entered RUNNING state, process has stayed up for > than 1 seconds (startsecs)
2024-06-01 16:31:02,832 INFO success: queue-highprio-worker_04 entered RUNNING state, process has stayed up for > than 1 seconds (startsecs)
2024-06-01 16:31:02,832 INFO success: queue-worker_00 entered RUNNING state, process has stayed up for > than 1 seconds (startsecs)
2024-06-01 16:31:02,832 INFO success: queue-worker_01 entered RUNNING state, process has stayed up for > than 1 seconds (startsecs)
2024-06-01 16:31:02,832 INFO success: queue-worker_02 entered RUNNING state, process has stayed up for > than 1 seconds (startsecs)
2024-06-01 16:31:02,832 INFO success: queue-worker_03 entered RUNNING state, process has stayed up for > than 1 seconds (startsecs)
2024-06-01 16:31:02,832 INFO success: queue-worker_04 entered RUNNING state, process has stayed up for > than 1 seconds (startsecs)
2024-06-01 16:31:02,833 INFO success: reverb-worker_00 entered RUNNING state, process has stayed up for > than 1 seconds (startsecs)
2024-06-01 16:31:02,833 INFO success: serve_00 entered RUNNING state, process has stayed up for > than 1 seconds (startsecs)
2024-06-01 16:32:48,374 WARN received SIGINT indicating exit request
2024-06-01 16:32:48,374 INFO waiting for queue-highprio-worker_00, queue-highprio-worker_01, queue-highprio-worker_02, queue-highprio-worker_03, queue-highprio-worker_04, queue-worker_00, queue-worker_01, queue-worker_02, queue-worker_03, queue-worker_04, reverb-worker_00, serve_00 to die
2024-06-01 16:32:48,379 INFO stopped: serve_00 (exit status 0)
2024-06-01 16:32:48,382 INFO stopped: reverb-worker_00 (exit status 0)
2024-06-01 16:32:48,387 INFO stopped: queue-worker_03 (exit status 0)
2024-06-01 16:32:48,387 INFO stopped: queue-worker_02 (exit status 0)
2024-06-01 16:32:48,387 INFO stopped: queue-worker_04 (exit status 0)
2024-06-01 16:32:48,387 INFO stopped: queue-worker_01 (exit status 0)
2024-06-01 16:32:48,388 INFO stopped: queue-worker_00 (exit status 0)
2024-06-01 16:32:48,392 INFO stopped: queue-highprio-worker_00 (exit status 0)
2024-06-01 16:32:48,392 INFO stopped: queue-highprio-worker_02 (exit status 0)
2024-06-01 16:32:48,393 INFO stopped: queue-highprio-worker_04 (exit status 0)
2024-06-01 16:32:48,393 INFO stopped: queue-highprio-worker_03 (exit status 0)
2024-06-01 16:32:48,393 INFO stopped: queue-highprio-worker_01 (exit status 0)
2024-06-01 16:32:49,153 INFO supervisord started with pid 47485
2024-06-01 16:32:50,155 INFO spawned: 'queue-highprio-worker_00' with pid 47488
2024-06-01 16:32:50,156 INFO spawned: 'queue-highprio-worker_01' with pid 47489
2024-06-01 16:32:50,157 INFO spawned: 'queue-highprio-worker_02' with pid 47490
2024-06-01 16:32:50,158 INFO spawned: 'queue-highprio-worker_03' with pid 47491
2024-06-01 16:32:50,159 INFO spawned: 'queue-highprio-worker_04' with pid 47492
2024-06-01 16:32:50,160 INFO spawned: 'queue-worker_00' with pid 47493
2024-06-01 16:32:50,161 INFO spawned: 'queue-worker_01' with pid 47494
2024-06-01 16:32:50,162 INFO spawned: 'queue-worker_02' with pid 47495
2024-06-01 16:32:50,163 INFO spawned: 'queue-worker_03' with pid 47496
2024-06-01 16:32:50,163 INFO spawned: 'queue-worker_04' with pid 47497
2024-06-01 16:32:50,165 INFO spawned: 'reverb-worker_00' with pid 47498
2024-06-01 16:32:50,166 INFO spawned: 'serve_00' with pid 47499
2024-06-01 16:32:51,832 INFO success: queue-highprio-worker_00 entered RUNNING state, process has stayed up for > than 1 seconds (startsecs)
2024-06-01 16:32:51,832 INFO success: queue-highprio-worker_01 entered RUNNING state, process has stayed up for > than 1 seconds (startsecs)
2024-06-01 16:32:51,832 INFO success: queue-highprio-worker_02 entered RUNNING state, process has stayed up for > than 1 seconds (startsecs)
2024-06-01 16:32:51,832 INFO success: queue-highprio-worker_03 entered RUNNING state, process has stayed up for > than 1 seconds (startsecs)
2024-06-01 16:32:51,832 INFO success: queue-highprio-worker_04 entered RUNNING state, process has stayed up for > than 1 seconds (startsecs)
2024-06-01 16:32:51,832 INFO success: queue-worker_00 entered RUNNING state, process has stayed up for > than 1 seconds (startsecs)
2024-06-01 16:32:51,832 INFO success: queue-worker_01 entered RUNNING state, process has stayed up for > than 1 seconds (startsecs)
2024-06-01 16:32:51,832 INFO success: queue-worker_02 entered RUNNING state, process has stayed up for > than 1 seconds (startsecs)
2024-06-01 16:32:51,832 INFO success: queue-worker_03 entered RUNNING state, process has stayed up for > than 1 seconds (startsecs)
2024-06-01 16:32:51,832 INFO success: queue-worker_04 entered RUNNING state, process has stayed up for > than 1 seconds (startsecs)
2024-06-01 16:32:51,832 INFO success: reverb-worker_00 entered RUNNING state, process has stayed up for > than 1 seconds (startsecs)
2024-06-01 16:32:51,832 INFO success: serve_00 entered RUNNING state, process has stayed up for > than 1 seconds (startsecs)
2024-06-01 17:16:07,597 WARN received SIGINT indicating exit request
2024-06-01 17:16:07,598 INFO waiting for queue-highprio-worker_00, queue-highprio-worker_01, queue-highprio-worker_02, queue-highprio-worker_03, queue-highprio-worker_04, queue-worker_00, queue-worker_01, queue-worker_02, queue-worker_03, queue-worker_04, reverb-worker_00, serve_00 to die
2024-06-01 17:16:07,607 INFO stopped: serve_00 (exit status 0)
2024-06-01 17:16:07,613 INFO stopped: reverb-worker_00 (exit status 0)
2024-06-01 17:16:07,697 INFO stopped: queue-worker_03 (exit status 0)
2024-06-01 17:16:07,891 INFO stopped: queue-worker_00 (exit status 0)
2024-06-01 17:16:08,342 INFO stopped: queue-worker_04 (exit status 0)
2024-06-01 17:16:08,687 INFO stopped: queue-worker_02 (exit status 0)
2024-06-01 17:16:10,700 INFO stopped: queue-worker_01 (exit status 0)
2024-06-01 17:16:10,700 INFO waiting for queue-highprio-worker_00, queue-highprio-worker_01, queue-highprio-worker_02, queue-highprio-worker_03, queue-highprio-worker_04 to die
2024-06-01 17:16:10,707 INFO stopped: queue-highprio-worker_03 (exit status 0)
2024-06-01 17:16:10,708 INFO stopped: queue-highprio-worker_04 (exit status 0)
2024-06-01 17:16:10,708 INFO stopped: queue-highprio-worker_02 (exit status 0)
2024-06-01 17:16:10,708 INFO stopped: queue-highprio-worker_00 (exit status 0)
2024-06-01 17:16:10,708 INFO stopped: queue-highprio-worker_01 (exit status 0)
2024-06-01 17:18:58,986 INFO supervisord started with pid 49378
2024-06-01 17:18:59,988 INFO spawned: 'queue-highprio-worker_00' with pid 49381
2024-06-01 17:18:59,989 INFO spawned: 'queue-highprio-worker_01' with pid 49382
2024-06-01 17:18:59,990 INFO spawned: 'queue-highprio-worker_02' with pid 49383
2024-06-01 17:18:59,990 INFO spawned: 'queue-highprio-worker_03' with pid 49384
2024-06-01 17:18:59,991 INFO spawned: 'queue-highprio-worker_04' with pid 49385
2024-06-01 17:18:59,993 INFO spawned: 'queue-worker_00' with pid 49386
2024-06-01 17:18:59,993 INFO spawned: 'queue-worker_01' with pid 49387
2024-06-01 17:18:59,994 INFO spawned: 'queue-worker_02' with pid 49388
2024-06-01 17:18:59,995 INFO spawned: 'queue-worker_03' with pid 49389
2024-06-01 17:18:59,997 INFO spawned: 'queue-worker_04' with pid 49390
2024-06-01 17:18:59,998 INFO spawned: 'reverb-worker_00' with pid 49391
2024-06-01 17:19:00,000 INFO spawned: 'serve_00' with pid 49392
2024-06-01 17:19:01,665 INFO success: queue-highprio-worker_00 entered RUNNING state, process has stayed up for > than 1 seconds (startsecs)
2024-06-01 17:19:01,665 INFO success: queue-highprio-worker_01 entered RUNNING state, process has stayed up for > than 1 seconds (startsecs)
2024-06-01 17:19:01,665 INFO success: queue-highprio-worker_02 entered RUNNING state, process has stayed up for > than 1 seconds (startsecs)
2024-06-01 17:19:01,665 INFO success: queue-highprio-worker_03 entered RUNNING state, process has stayed up for > than 1 seconds (startsecs)
2024-06-01 17:19:01,665 INFO success: queue-highprio-worker_04 entered RUNNING state, process has stayed up for > than 1 seconds (startsecs)
2024-06-01 17:19:01,665 INFO success: queue-worker_00 entered RUNNING state, process has stayed up for > than 1 seconds (startsecs)
2024-06-01 17:19:01,665 INFO success: queue-worker_01 entered RUNNING state, process has stayed up for > than 1 seconds (startsecs)
2024-06-01 17:19:01,665 INFO success: queue-worker_02 entered RUNNING state, process has stayed up for > than 1 seconds (startsecs)
2024-06-01 17:19:01,665 INFO success: queue-worker_03 entered RUNNING state, process has stayed up for > than 1 seconds (startsecs)
2024-06-01 17:19:01,665 INFO success: queue-worker_04 entered RUNNING state, process has stayed up for > than 1 seconds (startsecs)
2024-06-01 17:19:01,665 INFO success: reverb-worker_00 entered RUNNING state, process has stayed up for > than 1 seconds (startsecs)
2024-06-01 17:19:01,665 INFO success: serve_00 entered RUNNING state, process has stayed up for > than 1 seconds (startsecs)
